
> vite_react_shadcn_ts@0.0.0 build
> vite build

[36mvite v5.4.19 [32mbuilding for production...[36m[39m
transforming...
Browserslist: browsers data (caniuse-lite) is 9 months old. Please run:
  npx update-browserslist-db@latest
  Why you should do it regularly: https://github.com/browserslist/update-db#readme
[32m✓[39m 4446 modules transformed.
[31mx[39m Build failed in 10.83s
[31merror during build:
[31m[commonjs--resolver] Failed to resolve entry for package "@tiptap/pm". The package may have incorrect main/module/exports specified in its package.json: Missing "." specifier in "@tiptap/pm" package[31m
    at packageEntryFailure (file:///C:/xampp/htdocs/seek/front/node_modules/vite/dist/node/chunks/dep-C6uTJdX2.js:46638:15)
    at resolvePackageEntry (file:///C:/xampp/htdocs/seek/front/node_modules/vite/dist/node/chunks/dep-C6uTJdX2.js:46633:5)
    at tryNodeResolve (file:///C:/xampp/htdocs/seek/front/node_modules/vite/dist/node/chunks/dep-C6uTJdX2.js:46451:16)
    at Object.resolveId (file:///C:/xampp/htdocs/seek/front/node_modules/vite/dist/node/chunks/dep-C6uTJdX2.js:46201:19)
    at file:///C:/xampp/htdocs/seek/front/node_modules/rollup/dist/es/shared/node-entry.js:20730:40
    at async PluginDriver.hookFirstAndGetPlugin (file:///C:/xampp/htdocs/seek/front/node_modules/rollup/dist/es/shared/node-entry.js:20630:28)
    at async resolveId (file:///C:/xampp/htdocs/seek/front/node_modules/rollup/dist/es/shared/node-entry.js:19234:26)
    at async ModuleLoader.resolveId (file:///C:/xampp/htdocs/seek/front/node_modules/rollup/dist/es/shared/node-entry.js:19663:15)
    at async Object.resolveId (file:///C:/xampp/htdocs/seek/front/node_modules/vite/dist/node/chunks/dep-C6uTJdX2.js:12834:10)
    at async PluginDriver.hookFirstAndGetPlugin (file:///C:/xampp/htdocs/seek/front/node_modules/rollup/dist/es/shared/node-entry.js:20630:28)[39m
